suite<analytics> test<featureEvent> result<error> Description: <reportError
suite<analytics> test<navEvent> result<error> Description: <reportError
suite<buffer> test<testLength> result<error> Description: <reportError [native code]> Message: should be: '0', was: 'undefined'
suite<buffer> test<testAppend> result<error> Description: <reportError [native code]> Message: should be: '100', was: 'undefined'
suite<buffer> test<testInsert> result<error> Description: <reportError [native code]> Message: should be: '103', was: 'undefined'
suite<buffer> test<testInsertBlogExample> result<error> Description: <reportError [native code]> Message: should be: '123', was: '13undefined'
suite<buffer> test<testCopy> result<error> Description: <reportError [native code]> Message: should be: '20', was: '0'
suite<buffer> test<testClone> result<error> Description: <reportError shouldMatchArray [native code]> Message: element 0 should be: 100 was: undefined
suite<buffer> test<testFill> result<error> Description: <reportError [native code]> Message: should be: '100', was: 'undefined'
suite<buffer> test<testClear> result<error> Description: <reportError [native code]> Message: should be: '100', was: '0'
suite<buffer> test<testToStringAndBlob> result<error> Description: <reportError [native code]> Message: should be: 'appcelerator', was: '            '
suite<buffer> test<testAutoEncode> result<error> Description: <reportError [native code]> Message: should be: '97', was: 'undefined'
suite<codec> test<testEncodeIntegers> result<exception> Description:[native code]>  Message:Can't find variable: dest
suite<codec> test<testDecodeIntegers> result<error> Description: <reportError[native code]> Message: should be: '78187493530', was: 'NaN'
suite<codec> test<testEncodeFloatingPoint> result<exception> Description: [native code]>  Message:Can't find variable: dest
suite<codec> test<testDecodeFloatingPoint> result<error> Description: <reportError [native code]> Message: should be: '0.3333333333333333', was: 'NaN'
suite<codec> test<testEncodeString> result<exception> Description: [native code]>  Message:Can't find variable: dest
suite<codec> test<testDecodeString> result<error> Description: <reportError [native code]> Message: should be: 'sp  t', was: ''
suite<commonjs> test<test_cyclic> result<error> Description: <reportError[native code]> Message: should be exactly: function () {return b;}, was: undefined
suite<commonjs> test<test_determinism> result<error> Description:[native code]> Message: should throw exception, but didn't
suite<commonjs> test<test_missing> result<error> Description: <reportError [native code]> Message: should throw exception, but didn't
suite<database> test<testModuleMethodsAndConstants> result<exception> Description: <testModuleMethodsAndConstants [native code]>  Message:'undefined' is not an object
suite<database> test<testDatabaseMethods> result<exception> Description: <testDatabaseMethods [native code]>  Message:'undefined' is not an object
suite<database> test<testDatabaseLH2147> result<exception> Description: <testDatabaseLH2147 [native code]>  Message:'undefined' is not an object
suite<database> test<testDatabaseInsert> result<exception> Description: <testDatabaseInsert [native code]>  Message:'undefined' is not an object
suite<database> test<testDatabaseCount> result<exception> Description: <testDatabaseCount [native code]>  Message:'undefined' is not an object
suite<database> test<testDatabaseRollback> result<exception> Description: <testDatabaseRollback [native code]>  Message:'undefined' is not an object
suite<database> test<testDatabaseSavepointRollback> result<exception> Description: <testDatabaseSavepointRollback [native code]>  Message:'undefined' is not an object
suite<database> test<testDatabaseLH2917> result<exception> Description: <testDatabaseLH2917 [native code]>  Message:'undefined' is not an object
suite<database> test<testTypedGettersAndSetters> result<exception> Description: <testTypedGettersAndSetters [native code]>  Message:'undefined' is not an object
suite<database> test<testDatabaseExceptions> result<exception> Description: <testDatabaseExceptions [native code]>  Message:'undefined' is not an object
suite<filesystem> test<mimeType> result<error> Description: <reportError [native code]> Message: should be true, was: false
suite<filesystem> test<directoryListing> result<error> Description: <reportError [native code]> Message: should be null, was:
suite<locale> test<stringPPEnhancements> result<error> Description: <reportError [native code]> Message: should be: '2.5', was: '2.50'
suite<network_httpclient> test<largeFileWithRedirect> result<timeout>
suite<network_socket> test<testAPI> result<exception> Description: <testAPI [native code]>  Message:'undefined' is not an object
suite<network_socket_tcp> test<testAPI> result<exception> Description: <testAPI [native code]>  Message:'undefined' is not an object
suite<network_socket_tcp> test<testConnectAccept> result<exception> Description: <testConnectAccept [native code]>  Message:'undefined' is not an object
suite<network_socket_tcp> test<testSocketIO> result<exception> Description: <testSocketIO [native code]>  Message:'undefined' is not an object
suite<platform> test<apiPoints> result<error> Description: <reportError [native code]> Message: should be string, was: undefined
suite<stream> test<basicBufferStream> result<exception> Description: <basicBufferStream [native code]>  Message:'null' is not an object
suite<stream> test<basicBlobStream> result<exception> Description: <basicBlobStream [native code]>  Message:'null' is not an object
suite<stream> test<asyncRead> result<exception> Description: <asyncRead [native code]>  Message:'undefined' is not an object
suite<stream> test<asyncWrite> result<exception> Description: <asyncWrite [native code]>  Message:'undefined' is not an object
suite<stream> test<readAll> result<exception> Description: <readAll[native code]>  Message:'undefined' is not an object
suite<stream> test<writeStream> result<exception> Description: <writeStream [native code]>  Message:'undefined' is not an object
suite<stream> test<pump> result<exception> Description: <pump [native code]>  Message:'undefined' is not an object
?suite<ui/ui> test<webviewEvalJSLockup> result<timeout>
suite<ui/ui> test<webviewBindingUnavailable> result<timeout>
suite<ui/ui> test<webviewBindingAvailable> result<timeout>
suite<ui> test<webviewBindingAvailableAfterSetHtml> result<error> Description: <reportError [native code]> Message: should be: 'object', was: 'undefined'
suite<ui/ui> test<absoluteAndRelativeWinURLs> result<timeout>
suite<ui> test<appendRowWithHeader> result<error> Description: <reportError[native code]> Message: should be: '2', was: '1'
suite<ui_controls> test<textControlsTextValueInitialValue> result<exception> Description: <textControlsTextValueInitialValue[native code]>  Message:'undefined' is not a function
suite<ui_alert_dialog> test<showHide> result<error> Description: <reportError[native code]> Message: should be: '100', was: '21'
suite<ui_searchbar> test<testProperties> result<exception> Description: <testProperties[native code]>  Message:'undefined' is not a function
suite<ui_searchbar> test<testCancel> result<exception> Description: <testCancel[native code]>  Message:'undefined' is not a function
suite<ui_searchbar> test<testBlurFocus> result<exception> Description: <testBlurFocus[native code]>  Message:'undefined' is not a function
suite<ui_option_dialog> test<testOptions> result<error> Description: <reportError[native code]> Message: should be true, was: false
suite<ui_option_dialog> test<showHide> result<error> Description: <reportError[native code]> Message: should be: '100', was: '21'
suite<ui_option_dialog> test<testTizenView> result<error> Description: <reportError[native code]> Message: should be greater than, was 5302 <= 20000
?suite<ui_label> test<testAutolink> result<exception> Description: <checkAutlinkBefore [native code]>  Message:'undefined' is not an object
suite<tableViewSection> test<rows> result<error> Description: <reportError[native code]> Message: should not be undefined, was: undefined
suite<tableViewSection> test<addRemove> result<exception> Description: <addRemove[native code]>  Message:'undefined' is not an object
suite<mobile-NavigationGroup> test<base> result<error> Description: <reportError [native code]> Message: should throw exception, but didn't
suite<tabGroup> test<base> result<error> Description: <reportError[native code]> Message: should be greater than, was 6 <= 50
suite<tabGroup> test<active> result<error> Description: <reportError[native code]> Message: should be greater than, was 6 <= 50
suite<tabGroup> test<active_negative> result<error> Description: <reportError[native code]> Message: should be greater than, was 6 <= 50
suite<tabGroup> test<height> result<error> Description: <reportError[native code]> Message: should be greater than, was 8 <= 10
suite<tabGroup> test<close> result<error> Description: <reportError[native code]> Message: should be greater than, was 6 <= 50
?suite<tabGroup> test<tabsAtBottom> result<error> Description: <reportError[native code]> Message: should be greater than, was 0 <= 0
suite<tab> test<base> result<error> Description: <reportError [native code]> Message: should be greater than, was 6 <= 50 
suite<tab> test<open> result<error> Description: <reportError[native code]> Message: should be greater than, was 6 <= 50
suite<tab> test<open_close> result<error> Description: <reportError[native code]> Message: should be greater than, was 6 <= 50
suite<tab> test<activate_tab> result<error> Description: <reportError[native code]> Message: should be greater than, was 6 <= 50
suite<tab> test<deactivate_activate_tab> result<error> Description: <reportError[native code]> Message: should be greater than, was 6 <= 50
suite<tab> test<active_no_pix> result<error> Description: <reportError[native code]> Message: should be false, was: true
-suite<map> test<mapView> result<exception> Description: <mapView[native code]>  Message:'undefined' is not an object
-suite<map> test<add_annotation> result<exception> Description: [native code]>  Message:'undefined' is not an object
-suite<map> test<map_properties> result<exception> Description: [native code]>  Message:'undefined' is not an object
-suite<map> test<simple_map_methods> result<exception> Description: [native code]>  Message:'undefined' is not an object
-suite<map> test<route> result<exception> Description: [native code]>  Message:'undefined' is not an object
-suite<map> test<annotation> result<exception> Description: [native code]>  Message:'undefined' is not an object
suite<image_view> test<basic> result<error> Description: <reportError[native code]> Message: should be: '0', was: '6'
suite<ui/image_view> test<image_as_string> result<timeout>
suite<image_view> test<image_as_blob> result<error> Description: <reportError[native code]> Message: should be: '5000', was: '10000'
?suite<picker> test<date_picker> result<error> Description: <reportError[native code]> Message: should be greater than equal, was 2007 < 2009
suite<ui_TextArea> test<testGettersSetters> result<error> Description: <reportError[native code]> Message: should be a function, was: undefined
suite<ui_TextField> test<testBasicProperties> result<timeout>
suite<ScrollableView> test<base> result<error> Description: <reportError[native code]> Message: should be: '0', was: '1'
?suite<ScrollableView> test<addView> result<error> Description: <reportError[native code]> Message: should be greater than, was 0 <= 80
suite<ui_animation> test<bottom_test> result<timeout>
suite<ui_animation> test<repeat_test> result<timeout>
?suite<ui_animation> test<right_test> result<timeout>
suite<ui_animation> test<color_test> result<error> Description: <reportError[native code]> Message: should be: '100', was: '0'
suite<ui_animation> test<visible_test> result<timeout>
suite<ui_animation> test<zIndex_test> result<timeout>
suite<ui_animation> test<opacity_test> result<error> Description: <reportError[native code]> Message: should be: '163200', was: '0'
suite<includes> test<relativeDown> result<error> Description: <reportError[native code]> Message: should be true, was: false
suite<includes> test<slashToRoot> result<error> Description: <reportError[native code]> Message: should be true, was: false
suite<includes> test<dotdotSlash> result<error> Description: <reportError[native code]> Message: should be true, was: false
suite<includes> test<dotSlash> result<error> Description: <reportError[native code]> Message: should be true, was: false
suite<includes> test<lotsOfDots> result<error> Description: <reportError[native code]> Message: should be true, was: false
suite<includes> test<multipleRequire> result<exception> Description: <multipleRequire[native code]>  Message:'undefined' is not a function
suite<ui_layout> test<viewCenter> result<error> Description: <reportError[native code]> Message: should be: '30', was: '140'
suite<ui_layout> test<undefinedWidth> result<error> Description: <reportError[native code]> Message: should be: '10', was: '95'
suite<ui_layout> test<undefinedRight> result<error> Description: <reportError[native code]> Message: should be: '80', was: '310'
suite<ui_layout> test<undefinedHeight> result<error> Description: <reportError[native code]> Message: should be: '10', was: '95'
suite<ui_layout> test<undefinedTop> result<error> Description: <reportError[native code]> Message: should be: '175', was: '230.5'
suite<ui_layout> test<leftPrecedence> result<error> Description: <reportError[native code]> Message: should be: '40', was: '210'
suite<ui_layout> test<centerXPrecedence> result<error> Description: <reportError[native code]> Message: should be: '100', was: '150'
suite<ui_layout> test<topPrecedence> result<error> Description: <reportError[native code]> Message: should be: '40', was: '401'
suite<ui_layout> test<centerYPrecedence> result<error> Description: <reportError[native code]> Message: should be: '100', was: '150'
-suite<ui_layout> test<scrollViewWithSIZE> result<error> Description: <reportError[native code]> Message: should be: '50', was: '56'
suite<ui_layout> test<convertUnits> result<error> Description: <reportError[native code]> Message: should be: '0', was: 'NaN'
suite<ui_layout_horizontal_vertical> test<horizontalTopBottomUndefinedHeight> result<error> Description: <reportError[native code]> Message: should be: '270', was: '280'
suite<ui_layout_horizontal_vertical> test<horizontalLeftRightUndefinedWidth> result<error> Description: <reportError[native code]> Message: should be: '180', was: '190'
suite<ui_layout_horizontal_vertical> test<horizontalLeftRightUndefinedWidthNoWrap> result<error> Description: <reportError[native code]> Message: should be: '180', was: '55'
suite<ui_layout_horizontal_vertical> test<horizontalWrapWithSIZEHeight> result<error> Description: <reportError[native code]> Message: should be: '400', was: '100'
suite<xml> test<documentParsing> result<error> Description: <reportError[native code]> Message: should throw exception, but didn't
suite<xml> test<soap> result<error> Description: <reportError[native code]> Message: should be: 'true', was: 'undefined'
suite<xml> test<xpath> result<exception> Description: <evaluate@[native code][native code]>  Message:NOT_SUPPORTED_ERR: DOM Exception 9
suite<xml> test<apiXMLTextGetText> result<exception> Description: <apiXMLTextGetText[native code]>  Message:Can't find variable: getTextResults2
suite<xml> test<apiXmlDocumentCreateCDATASection> result<error> Description: <reportError[native code]> Message: should be: 'This is my CDATA section', was: 'undefined'
suite<xml> test<apiXmlDocumentCreateElement> result<error> Description: <reportError[native code]> Message: should be null, was: myelement
suite<xml> test<apiXmlNodeNormalize> result<exception> Description: <apiXmlNodeNormalize[native code]>  Message:'undefined' is not a function
-suite<xml> test<xmlNamedNodeMap> result<error> Description: <reportError[native code]> Message: should throw exception, but didn't
suite<xml> test<xmlElement> result<error> Description: <reportError[native code]> Message: should be: '', was: 'null'
-suite<xml> test<xmlElementNS> result<error> Description: <reportError[native code]> Message: should be: 'pink', was: ''
